This is pdfTeX, Version 3.14159265-2.6-1.40.19 (TeX Live 2018) (preloaded format=pdflatex 2018.4.16)  23 AUG 2018 13:29
entering extended mode
 restricted \write18 enabled.
 file:line:error style messages enabled.
 %&-line parsing enabled.
**worksheet.tex
(./worksheet.tex
LaTeX2e <2018-04-01> patch level 2
Babel <3.18> and hyphenation patterns for 84 language(s) loaded.
(/usr/local/texlive/2018/texmf-dist/tex/latex/exam/exam.cls
Document Class: exam 2017/12/17 Version 2.603 by Philip Hirschhorn
(/usr/local/texlive/2018/texmf-dist/tex/latex/base/ifthen.sty
Package: ifthen 2014/09/29 v1.1c Standard LaTeX ifthen package (DPC)
)
(/usr/local/texlive/2018/texmf-dist/tex/latex/base/article.cls
Document Class: article 2014/09/29 v1.4h Standard LaTeX document class
(/usr/local/texlive/2018/texmf-dist/tex/latex/base/size10.clo
File: size10.clo 2014/09/29 v1.4h Standard LaTeX file (size option)
)
\c@part=\count80
\c@section=\count81
\c@subsection=\count82
\c@subsubsection=\count83
\c@paragraph=\count84
\c@subparagraph=\count85
\c@figure=\count86
\c@table=\count87
\abovecaptionskip=\skip41
\belowcaptionskip=\skip42
\bibindent=\dimen102
)
\@extrawidth=\skip43
\@rightmargin=\skip44
\@extrahead=\skip45
\@extrafoot=\skip46
\run@exhd=\skip47
\fp@exhd=\skip48
\run@exft=\skip49
\fp@exft=\skip50
\covrun@exhd=\skip51
\covfp@exhd=\skip52
\covrun@exft=\skip53
\covfp@exft=\skip54
\c@num@coverpages=\count88
\c@latest@ques=\count89
\c@ques@end=\count90
\c@last@object=\count91
\c@incmp@ques=\count92
\c@next@ques=\count93
\c@next@page=\count94
\c@tmp@hlfcntr=\count95
\c@ifpos@cntr=\count96
\c@question=\count97
\c@partno=\count98
\c@subpart=\count99
\c@subsubpart=\count100
\c@choice=\count101
\c@numpoints=\count102
\c@numbonuspoints=\count103
\c@pointsof@thisquestion=\count104
\c@bonuspointsof@thisquestion=\count105
\c@numquestions=\count106
\c@numparts=\count107
\c@numsubparts=\count108
\c@numsubsubparts=\count109
\c@Curr@Page=\count110
\c@@pagepoints=\count111
\c@@pagebonuspoints=\count112
\c@pageof@pagepoints=\count113
\c@pageof@pagebonuspoints=\count114
\c@latest@points=\count115
\c@latest@bonuspoints=\count116
\pageinfo@commands=\toks14
\temp@toks=\toks15
\pagepoint@commands=\toks16
\point@toks=\toks17
\c@ques@object=\count117
\marginpointssep=\skip55
\rightpointsmargin=\skip56
\choice@toks=\toks18
\answerlinelength=\skip57
\answerskip=\skip58
\answerclearance=\skip59
\fillinlinelength=\skip60
\linefillheight=\skip61
\linefillthickness=\skip62
\dottedlinefillheight=\skip63
\gridsize=\skip64
\gridlinewidth=\skip65
\minboxheight=\skip66
\c@@iterator=\count118
\@cellwidth=\skip67
\c@tbl@points=\count119
\c@tbl@bonuspoints=\count120
\c@pq@index=\count121
\c@pq@index@pts=\count122
\c@pq@index@bpts=\count123
\c@num@cols=\count124
\c@num@rows=\count125
\c@current@row=\count126
\c@cols@done=\count127
\exam@box=\box26
\saved@totalleftmargin=\dimen103
\@sollistdepth=\count128
\exam@FrameRule=\dimen104
\exam@FrameSep=\dimen105
)
(/usr/local/texlive/2018/texmf-dist/tex/latex/base/inputenc.sty
Package: inputenc 2018/04/06 v1.3b Input encoding file
\inpenc@prehook=\toks19
\inpenc@posthook=\toks20
)
(/usr/local/texlive/2018/texmf-dist/tex/latex/amsmath/amsmath.sty
Package: amsmath 2017/09/02 v2.17a AMS math features
\@mathmargin=\skip68

For additional information on amsmath, use the `?' option.
(/usr/local/texlive/2018/texmf-dist/tex/latex/amsmath/amstext.sty
Package: amstext 2000/06/29 v2.01 AMS text

(/usr/local/texlive/2018/texmf-dist/tex/latex/amsmath/amsgen.sty
File: amsgen.sty 1999/11/30 v2.0 generic functions
\@emptytoks=\toks21
\ex@=\dimen106
))
(/usr/local/texlive/2018/texmf-dist/tex/latex/amsmath/amsbsy.sty
Package: amsbsy 1999/11/29 v1.2d Bold Symbols
\pmbraise@=\dimen107
)
(/usr/local/texlive/2018/texmf-dist/tex/latex/amsmath/amsopn.sty
Package: amsopn 2016/03/08 v2.02 operator names
)
\inf@bad=\count129
LaTeX Info: Redefining \frac on input line 213.
\uproot@=\count130
\leftroot@=\count131
LaTeX Info: Redefining \overline on input line 375.
\classnum@=\count132
\DOTSCASE@=\count133
LaTeX Info: Redefining \ldots on input line 472.
LaTeX Info: Redefining \dots on input line 475.
LaTeX Info: Redefining \cdots on input line 596.
\Mathstrutbox@=\box27
\strutbox@=\box28
\big@size=\dimen108
LaTeX Font Info:    Redeclaring font encoding OML on input line 712.
LaTeX Font Info:    Redeclaring font encoding OMS on input line 713.
\macc@depth=\count134
\c@MaxMatrixCols=\count135
\dotsspace@=\muskip10
\c@parentequation=\count136
\dspbrk@lvl=\count137
\tag@help=\toks22
\row@=\count138
\column@=\count139
\maxfields@=\count140
\andhelp@=\toks23
\eqnshift@=\dimen109
\alignsep@=\dimen110
\tagshift@=\dimen111
\tagwidth@=\dimen112
\totwidth@=\dimen113
\lineht@=\dimen114
\@envbody=\toks24
\multlinegap=\skip69
\multlinetaggap=\skip70
\mathdisplay@stack=\toks25
LaTeX Info: Redefining \[ on input line 2817.
LaTeX Info: Redefining \] on input line 2818.
)
(/usr/local/texlive/2018/texmf-dist/tex/latex/datetime/datetime.sty
Package: datetime 2015/03/20 v2.60 Date Time Package

(/usr/local/texlive/2018/texmf-dist/tex/latex/etoolbox/etoolbox.sty
Package: etoolbox 2018/02/11 v2.5e e-TeX tools for LaTeX (JAW)
\etb@tempcnta=\count141
)
(/usr/local/texlive/2018/texmf-dist/tex/latex/fmtcount/fmtcount.sty
Package: fmtcount 2017/12/24 v3.05

(/usr/local/texlive/2018/texmf-dist/tex/latex/xkeyval/xkeyval.sty
Package: xkeyval 2014/12/03 v2.7a package option processing (HA)

(/usr/local/texlive/2018/texmf-dist/tex/generic/xkeyval/xkeyval.tex
(/usr/local/texlive/2018/texmf-dist/tex/generic/xkeyval/xkvutils.tex
\XKV@toks=\toks26
\XKV@tempa@toks=\toks27

(/usr/local/texlive/2018/texmf-dist/tex/generic/xkeyval/keyval.tex))
\XKV@depth=\count142
File: xkeyval.tex 2014/12/03 v2.7a key=value parser (HA)
))
(/usr/local/texlive/2018/texmf-dist/tex/latex/fmtcount/fcprefix.sty
Package: fcprefix 2012/09/28

(/usr/local/texlive/2018/texmf-dist/tex/latex/fmtcount/fcnumparser.sty
Package: fcnumparser 2017/06/15
\fc@digit@counter=\count143
))
\c@padzeroesN=\count144
\fc@tmpcatcode=\count145
\@DT@modctr=\count146
\@ordinalctr=\count147
\@orgargctr=\count148
\@strctr=\count149
\@tmpstrctr=\count150
\@DT@loopN=\count151
\@DT@X=\count152
)
(/usr/local/texlive/2018/texmf-dist/tex/latex/datetime/datetime-defaults.sty
Package: datetime-defaults 2013/09/10
)
\@day=\count153
\@month=\count154
\@year=\count155
\c@HOUR=\count156
\c@HOURXII=\count157
\c@MINUTE=\count158
\c@TOHOUR=\count159
\c@TOMINUTE=\count160
\c@SECOND=\count161
\currenthour=\count162
\currentminute=\count163
\currentsecond=\count164
Package datetime Info: No datetime.cfg file found, using default settings on in
put line 308.
\@dtctr=\count165
\dayofyear=\count166
\dayofweek=\count167
LaTeX Info: Redefining \today on input line 736.
\dt@a=\toks28
\dt@b=\toks29
)
(./worksheet.aux

LaTeX Warning: Label `question@1' multiply defined.


LaTeX Warning: Label `question@2' multiply defined.

)
\openout1 = `worksheet.aux'.

LaTeX Font Info:    Checking defaults for OML/cmm/m/it on input line 11.
LaTeX Font Info:    ... okay on input line 11.
LaTeX Font Info:    Checking defaults for T1/cmr/m/n on input line 11.
LaTeX Font Info:    ... okay on input line 11.
LaTeX Font Info:    Checking defaults for OT1/cmr/m/n on input line 11.
LaTeX Font Info:    ... okay on input line 11.
LaTeX Font Info:    Checking defaults for OMS/cmsy/m/n on input line 11.
LaTeX Font Info:    ... okay on input line 11.
LaTeX Font Info:    Checking defaults for OMX/cmex/m/n on input line 11.
LaTeX Font Info:    ... okay on input line 11.
LaTeX Font Info:    Checking defaults for U/cmr/m/n on input line 11.
LaTeX Font Info:    ... okay on input line 11.
 (/usr/local/texlive/2018/texmf-dist/tex/latex/fmtcount/fc-english.def
File: fc-english.def 2016/01/12
)
Overfull \hbox (15.0pt too wide) in paragraph at lines 21--22
[][] 
 []

[1

{/usr/local/texlive/2018/texmf-var/fonts/map/pdftex/updmap/pdftex.map}]
[2

]
This exam contains 5 questions with 0 parts, 0 subparts, and 0 subsubparts.
(./worksheet.aux)

LaTeX Warning: There were multiply-defined labels.

 ) 
Here is how much of TeX's memory you used:
 3103 strings out of 492649
 41744 string characters out of 6129622
 137169 words of memory out of 5000000
 7003 multiletter control sequences out of 15000+600000
 7813 words of font info for 29 fonts, out of 8000000 for 9000
 1141 hyphenation exceptions out of 8191
 35i,9n,21p,1019b,209s stack positions out of 5000i,500n,10000p,200000b,80000s
</usr/local/texlive/2018/texmf-dist/fonts/type1/public/amsfonts/cm/cmbx12.pfb
></usr/local/texlive/2018/texmf-dist/fonts/type1/public/amsfonts/cm/cmmi10.pfb>
</usr/local/texlive/2018/texmf-dist/fonts/type1/public/amsfonts/cm/cmmi7.pfb></
usr/local/texlive/2018/texmf-dist/fonts/type1/public/amsfonts/cm/cmr10.pfb></us
r/local/texlive/2018/texmf-dist/fonts/type1/public/amsfonts/cm/cmr12.pfb></usr/
local/texlive/2018/texmf-dist/fonts/type1/public/amsfonts/cm/cmr17.pfb></usr/lo
cal/texlive/2018/texmf-dist/fonts/type1/public/amsfonts/cm/cmr5.pfb></usr/local
/texlive/2018/texmf-dist/fonts/type1/public/amsfonts/cm/cmr7.pfb></usr/local/te
xlive/2018/texmf-dist/fonts/type1/public/amsfonts/cm/cmsy10.pfb></usr/local/tex
live/2018/texmf-dist/fonts/type1/public/amsfonts/cm/cmsy7.pfb>
Output written on worksheet.pdf (2 pages, 94164 bytes).
PDF statistics:
 51 PDF objects out of 1000 (max. 8388607)
 36 compressed objects within 1 object stream
 0 named destinations out of 1000 (max. 500000)
 1 words of extra memory for PDF output out of 10000 (max. 10000000)

